Drill report for /home/marco/git/stmstepper/hardware/reva/reva.kicad_pcb
Created on So 02 Mai 2021 09:30:55 CEST

Copper Layer Stackup:
    =============================================================
    L1 :  F.Cu                      front
    L2 :  B.Cu                      back


Drill file 'reva-PTH.drl' contains
    plated through holes:
    =============================================================
    T1  0,20mm  0,008"  (6 holes)
    T2  0,30mm  0,012"  (122 holes)
    T3  0,60mm  0,024"  (4 holes)  (with 4 slots)
    T4  1,00mm  0,039"  (15 holes)
    T5  3,20mm  0,126"  (4 holes)

    Total plated holes count 151


Drill file 'reva-NPTH.drl' contains
    unplated through holes:
    =============================================================
    T1  0,65mm  0,026"  (2 holes)

    Total unplated holes count 2
